<?xml version="1.0" encoding="UTF-8"?>
<testsuite xmlns:xsi="http://www.w3.org/2001/XMLSchema-instance" xsi:noNamespaceSchemaLocation="https://maven.apache.org/surefire/maven-surefire-plugin/xsd/surefire-test-report-3.0.xsd" version="3.0" name="PersonTest" time="0.107" tests="15" errors="0" skipped="0" failures="0">
  <properties>
[...]
</properties>
  <testcase name="testAddPersonInvalidBirthdateFormat" classname="PersonTest" time="0.036"/>
  <testcase name="testUpdateAddressWhenUnder18" classname="PersonTest" time="0.014"/>
  <testcase name="testUpdateInvalidBirthdateChangeWithOtherFields" classname="PersonTest" time="0.002"/>
  <testcase name="testUpdateInvalidNewPersonID" classname="PersonTest" time="0.002"/>
  <testcase name="testUpdateDetailsValid" classname="PersonTest" time="0.004"/>
  <testcase name="testAddPersonValid" classname="PersonTest" time="0.001"/>
  <testcase name="testAddValidDemeritPoints" classname="PersonTest" time="0.002"/>
  <testcase name="testAddInvalidDateFormat" classname="PersonTest" time="0.001"/>
  <testcase name="testSuspensionForAbove21" classname="PersonTest" time="0.002"/>
  <testcase name="testUpdateIDChangeWhenFirstDigitIsEven" classname="PersonTest" time="0.002"/>
  <testcase name="testAddPersonInvalidID" classname="PersonTest" time="0.001"/>
  <testcase name="testAddInvalidPointsRange" classname="PersonTest" time="0.001"/>
  <testcase name="testSuspensionForUnder21" classname="PersonTest" time="0.002"/>
  <testcase name="testAddPersonInvalidAddressFormat" classname="PersonTest" time="0.001"/>
  <testcase name="testAddPersonInvalidState" classname="PersonTest" time="0.0"/>
</testsuite>